[syce2cool.netlify.app/profile.html]
[backblue.gif]
[fade.gif]
[index.html]
[syce2cool.netlify.app/style.css]
[syce2cool.netlify.app/nav1.css]
[syce2cool.netlify.app/nav2.css]
[unpkg.com/boxicons@2.1.4/css/boxicons.min.css]
[syce2cool.netlify.app/sgs-logo.png]
[syce2cool.netlify.app/index.html]
[syce2cool.netlify.app/games.html]
[syce2cool.netlify.app/soundboard.html]
[syce2cool.netlify.app/tools.html]
[syce2cool.netlify.app/chat.html]
[syce2cool.netlify.app/blog.html]
[syce2cool.netlify.app/settings.html]
[syce2cool.netlify.app/profile-2.html]
[syce2cool.netlify.app/games-2.html]
[syce2cool.netlify.app/index-2.html]
[syce2cool.netlify.app/soundboard-2.html]
[syce2cool.netlify.app/tools-2.html]
[syce2cool.netlify.app/chat-2.html]
[syce2cool.netlify.app/blog-2.html]
[syce2cool.netlify.app/settings-2.html]
[syce2cool.netlify.app/script.js]
[syce2cool.netlify.app/Scripts/settings.js]
[syce2cool.netlify.app/Scripts/game_data.js]
[syce2cool.netlify.app/Scripts/profile.js]
[syce2cool.netlify.app/Scripts/hotkeys.js]
[syce2cool.netlify.app/profile.html]
[www.googletagmanager.com/gtm5445.html]
[syce2cool.netlify.app/style.css]
[syce2cool.netlify.app/nav1.css]
[syce2cool.netlify.app/nav2.css]
[unpkg.com/boxicons@2.1.4/css/boxicons.min.css]
[raw.githubusercontent.com/SyceProjects/sgs-gitcdn/main/Images/transparent_graphic.png]
[syce2cool.netlify.app/index.html]
[raw.githubusercontent.com/SyceProjects/sgs-gitcdn/main/Images/random_game.png]
[cdn.jsdelivr.net/npm/fuse.js/dist/fuse.js]
[syce2cool.netlify.app/Scripts/machine-learning.js]
[syce2cool.netlify.app/Scripts/hotKeys-2.js]
[syce2cool.netlify.app/games.html]
[syce2cool.netlify.app/soundboard.html]
[syce2cool.netlify.app/tools.html]
[syce2cool.netlify.app/Scripts/soundboard.js]
[www.gstatic.com/firebasejs/8.2.1/firebase-app.js]
[www.gstatic.com/firebasejs/8.1.1/firebase-firestore.js]
[syce2cool.netlify.app/chat.html]
[syce2cool.netlify.app/blog.html]
[syce2cool.netlify.app/settings.html]
[syce2cool.netlify.app/profile-2.html]
[syce2cool.netlify.app/index-2.html]
[syce2cool.netlify.app/games-2.html]
[syce2cool.netlify.app/soundboard-2.html]
[syce2cool.netlify.app/tools-2.html]
[syce2cool.netlify.app/chat-2.html]
[syce2cool.netlify.app/blog-2.html]
[syce2cool.netlify.app/settings-2.html]
[syce2cool.netlify.app/Scripts/blog_data.js]
